feedback.html     http://outreach.vlabs.ac.in/
index.html     http://outreach.vlabs.ac.in/
performance-report.html     http://vlab.co.in
posttest.html     http://outreach.vlabs.ac.in/
pretest.html     http://outreach.vlabs.ac.in/
procedure.html     http://outreach.vlabs.ac.in/
references.html     http://www.ruf.rice.edu/~bioslabs/methods/microscopy/cellcounting.html
references.html     http://www.animal.ufl.edu/hansen/protocols/hemacytometer.htm
references.html     http://www.vivo.colostate.edu/hbooks/pathphys/reprod/semeneval/hemacytometer.html
references.html     http://www.protocol-online.org/biology-forums/posts/21508.html
references.html     http://www.hemocytometer.org/hemocytometer-calculator/
references.html     http://outreach.vlabs.ac.in/
theory.html     http://outreach.vlabs.ac.in/
validator-report.html     http://vlab.co.in
simulation/default.html     http://en.wikipedia.org/wiki/
                Simple_harmonic_motion
simulation/default.html     http://www.physics.uoguelph.ca/
                tutorials/shm/Q.shm.html
simulation/default.html     http://surendranath.tripod.com/Applets/
                Oscillations/SHM/SHMApplet.html
